dpp =   0.003069 ;
enter Twiss module

++++++ table: summ

    length     orbit5       alfa    gammatr 
6911.503800   0.000000   0.001847  23.268872 

        q1        dq1    betxmax      dxmax 
 26.666599 -33.586401 103.817008   4.432102 

     dxrms     xcomax     xcorms         q2 
  2.158344   0.000000   0.000000  26.580000 

       dq2    betymax      dymax      dyrms 
 -0.002967 105.118168   0.000000   0.000000 

    ycomax     ycorms     deltap    synch_1 
  0.000000   0.000000   0.000000   0.000000 

   synch_2    synch_3    synch_4    synch_5 
  0.000000   0.000000   0.000000   0.000000 
ns1x =  -0.007705 ;
ns2x =  -0.007705 ;
ns3x =   0.007705 ;
ns4x =   0.007705 ;
ns1px =  -0.003140 ;
ns2px =  -0.001420 ;
ns3px =   0.003140 ;
ns4px =   0.001420 ;
enter Twiss module

++++++ table: summ

    length     orbit5       alfa    gammatr 
6911.503800   0.000000   0.001847  23.268872 

        q1        dq1    betxmax      dxmax 
 26.666599 -33.586401 103.817008   4.432102 

     dxrms     xcomax     xcorms         q2 
  2.157486   0.000000   0.000000  26.580000 

       dq2    betymax      dymax      dyrms 
 -0.002967 105.118168   0.000000   0.000000 

    ycomax     ycorms     deltap    synch_1 
  0.000000   0.000000   0.000000   0.000000 

   synch_2    synch_3    synch_4    synch_5 
  0.000000   0.000000   0.000000   0.000000 
Assigned field errors to 1 elements


Alignment errors for element mpsh.21202:1 

Displacements in [mm], rotations in [mrad] 
     dx         dy           ds       dphi     dtheta       dpsi       mrex       mrey      mredx      mredy       arex       arey     mscalx     mscaly



Field errors for element mpsh.21202:1 
Multipole order:     Normal:           Skew: 
       0          1.170644e-04      0.000000e+00
       1          0.000000e+00      0.000000e+00
       2          0.000000e+00      0.000000e+00
       3          0.000000e+00      0.000000e+00
       4          0.000000e+00      0.000000e+00
       5          0.000000e+00      0.000000e+00
       6          0.000000e+00      0.000000e+00
       7          0.000000e+00      0.000000e+00
       8          0.000000e+00      0.000000e+00
       9          0.000000e+00      0.000000e+00
      10          0.000000e+00      0.000000e+00
      11          0.000000e+00      0.000000e+00
      12          0.000000e+00      0.000000e+00
      13          0.000000e+00      0.000000e+00
      14          0.000000e+00      0.000000e+00
      15          0.000000e+00      0.000000e+00
      16          0.000000e+00      0.000000e+00
      17          0.000000e+00      0.000000e+00
      18          0.000000e+00      0.000000e+00
      19          0.000000e+00      0.000000e+00
      20          0.000000e+00      0.000000e+00

Assigned field errors to 1 elements


Alignment errors for element mplh.21431:1 

Displacements in [mm], rotations in [mrad] 
     dx         dy           ds       dphi     dtheta       dpsi       mrex       mrey      mredx      mredy       arex       arey     mscalx     mscaly



Field errors for element mplh.21431:1 
Multipole order:     Normal:           Skew: 
       0          -4.472230e-04      0.000000e+00
       1          0.000000e+00      0.000000e+00
       2          0.000000e+00      0.000000e+00
       3          0.000000e+00      0.000000e+00
       4          0.000000e+00      0.000000e+00
       5          0.000000e+00      0.000000e+00
       6          0.000000e+00      0.000000e+00
       7          0.000000e+00      0.000000e+00
       8          0.000000e+00      0.000000e+00
       9          0.000000e+00      0.000000e+00
      10          0.000000e+00      0.000000e+00
      11          0.000000e+00      0.000000e+00
      12          0.000000e+00      0.000000e+00
      13          0.000000e+00      0.000000e+00
      14          0.000000e+00      0.000000e+00
      15          0.000000e+00      0.000000e+00
      16          0.000000e+00      0.000000e+00
      17          0.000000e+00      0.000000e+00
      18          0.000000e+00      0.000000e+00
      19          0.000000e+00      0.000000e+00
      20          0.000000e+00      0.000000e+00

Assigned field errors to 1 elements


Alignment errors for element mpnh.21732:1 

Displacements in [mm], rotations in [mrad] 
     dx         dy           ds       dphi     dtheta       dpsi       mrex       mrey      mredx      mredy       arex       arey     mscalx     mscaly



Field errors for element mpnh.21732:1 
Multipole order:     Normal:           Skew: 
       0          -3.330905e-04      0.000000e+00
       1          0.000000e+00      0.000000e+00
       2          0.000000e+00      0.000000e+00
       3          0.000000e+00      0.000000e+00
       4          0.000000e+00      0.000000e+00
       5          0.000000e+00      0.000000e+00
       6          0.000000e+00      0.000000e+00
       7          0.000000e+00      0.000000e+00
       8          0.000000e+00      0.000000e+00
       9          0.000000e+00      0.000000e+00
      10          0.000000e+00      0.000000e+00
      11          0.000000e+00      0.000000e+00
      12          0.000000e+00      0.000000e+00
      13          0.000000e+00      0.000000e+00
      14          0.000000e+00      0.000000e+00
      15          0.000000e+00      0.000000e+00
      16          0.000000e+00      0.000000e+00
      17          0.000000e+00      0.000000e+00
      18          0.000000e+00      0.000000e+00
      19          0.000000e+00      0.000000e+00
      20          0.000000e+00      0.000000e+00

Assigned field errors to 1 elements


Alignment errors for element mplh.21995:1 

Displacements in [mm], rotations in [mrad] 
     dx         dy           ds       dphi     dtheta       dpsi       mrex       mrey      mredx      mredy       arex       arey     mscalx     mscaly



Field errors for element mplh.21995:1 
Multipole order:     Normal:           Skew: 
       0          -2.887053e-04      0.000000e+00
       1          0.000000e+00      0.000000e+00
       2          0.000000e+00      0.000000e+00
       3          0.000000e+00      0.000000e+00
       4          0.000000e+00      0.000000e+00
       5          0.000000e+00      0.000000e+00
       6          0.000000e+00      0.000000e+00
       7          0.000000e+00      0.000000e+00
       8          0.000000e+00      0.000000e+00
       9          0.000000e+00      0.000000e+00
      10          0.000000e+00      0.000000e+00
      11          0.000000e+00      0.000000e+00
      12          0.000000e+00      0.000000e+00
      13          0.000000e+00      0.000000e+00
      14          0.000000e+00      0.000000e+00
      15          0.000000e+00      0.000000e+00
      16          0.000000e+00      0.000000e+00
      17          0.000000e+00      0.000000e+00
      18          0.000000e+00      0.000000e+00
      19          0.000000e+00      0.000000e+00
      20          0.000000e+00      0.000000e+00

Assigned field errors to 1 elements


Alignment errors for element mplh.22195:1 

Displacements in [mm], rotations in [mrad] 
     dx         dy           ds       dphi     dtheta       dpsi       mrex       mrey      mredx      mredy       arex       arey     mscalx     mscaly



Field errors for element mplh.22195:1 
Multipole order:     Normal:           Skew: 
       0          3.086877e-04      0.000000e+00
       1          0.000000e+00      0.000000e+00
       2          0.000000e+00      0.000000e+00
       3          0.000000e+00      0.000000e+00
       4          0.000000e+00      0.000000e+00
       5          0.000000e+00      0.000000e+00
       6          0.000000e+00      0.000000e+00
       7          0.000000e+00      0.000000e+00
       8          0.000000e+00      0.000000e+00
       9          0.000000e+00      0.000000e+00
      10          0.000000e+00      0.000000e+00
      11          0.000000e+00      0.000000e+00
      12          0.000000e+00      0.000000e+00
      13          0.000000e+00      0.000000e+00
      14          0.000000e+00      0.000000e+00
      15          0.000000e+00      0.000000e+00
      16          0.000000e+00      0.000000e+00
      17          0.000000e+00      0.000000e+00
      18          0.000000e+00      0.000000e+00
      19          0.000000e+00      0.000000e+00
      20          0.000000e+00      0.000000e+00

enter Twiss module

++++++ table: summ

    length     orbit5       alfa    gammatr 
6911.503800   0.000000   0.001846  23.272840 

        q1        dq1    betxmax      dxmax 
 26.663771 -33.625687 105.578049   4.609783 

     dxrms     xcomax     xcorms         q2 
  2.157629   0.044518   0.005138  26.582884 

       dq2    betymax      dymax      dyrms 
  0.154754 110.673398   0.000000   0.000000 

    ycomax     ycorms     deltap    synch_1 
  0.000000   0.000000   0.000000   0.000000 

   synch_2    synch_3    synch_4    synch_5 
  0.000000   0.000000   0.000000   0.000000 
xx1 =  -0.007212 ;
xx2 =  -0.007212 ;
xpx1 =   0.000141 ;
xpx2 =   0.000158 ;
betanorm = 855.661512 ;
alfanorm =  17.752445 ;
betan = 109.000000 ;
nsepangle =  -0.000000 ;
nsepangle/360 =  -0.000000 ;
nxx1 =  -0.002574 ;
nxpx1 =  -0.002574 ;
nxx2 =  -0.002574 ;
nxpx2 =   0.002574 ;
Assigned field errors to 1 elements
Assigned alignment errors to 1 elements
Assigned field errors to 5 elements
Assigned field errors to 5 elements
Assigned field errors to 16 elements
qda.21910->k1 =   0.001915 ;
qfa.21810->k1 =   0.011996 ;
qda.21710->k1 =  -0.011966 ;
qfa.21610->k1 =   0.011996 ;
northx0extr =   0.025161 ;
northpx0extr =  -0.000495 ;
enter Twiss module

++++++ table: summ

    length     orbit5       alfa    gammatr 
 94.338600   0.000000   0.000000   0.000000 

        q1        dq1    betxmax      dxmax 
  0.478250   0.000000 855.661512   0.451105 

     dxrms     xcomax     xcorms         q2 
  0.302528   0.274652   0.098535   0.335568 

       dq2    betymax      dymax      dyrms 
  0.000000 117.329988   0.000000   0.000000 

    ycomax     ycorms     deltap    synch_1 
  0.000000   0.000000   0.000000   0.000000 

   synch_2    synch_3    synch_4    synch_5 
  0.000000   0.000000   0.000000   0.000000 
northx0extr =   0.025161 ;
northpx0extr =  -0.000478 ;
enter Twiss module

++++++ table: summ

    length     orbit5       alfa    gammatr 
 94.338600   0.000000   0.000000   0.000000 

        q1        dq1    betxmax      dxmax 
  0.478250   0.000000 855.661512   0.453458 

     dxrms     xcomax     xcorms         q2 
  0.303600   0.275109   0.099313   0.335568 

       dq2    betymax      dymax      dyrms 
  0.000000 117.329988   0.000000   0.000000 

    ycomax     ycorms     deltap    synch_1 
  0.000000   0.000000   0.000000   0.000000 

   synch_2    synch_3    synch_4    synch_5 
  0.000000   0.000000   0.000000   0.000000 
northx0extr =   0.039586 ;
northpx0extr =  -0.000777 ;
enter Twiss module

++++++ table: summ

    length     orbit5       alfa    gammatr 
 94.338600   0.000000   0.000000   0.000000 

        q1        dq1    betxmax      dxmax 
  0.478250   0.000000 855.661512   0.432534 

     dxrms     xcomax     xcorms         q2 
  0.289378   0.271781   0.102342   0.335568 

       dq2    betymax      dymax      dyrms 
  0.000000 117.329988   0.000000   0.000000 

    ycomax     ycorms     deltap    synch_1 
  0.000000   0.000000   0.000000   0.000000 

   synch_2    synch_3    synch_4    synch_5 
  0.000000   0.000000   0.000000   0.000000 
northx0extr =   0.039586 ;
northpx0extr =  -0.000794 ;
enter Twiss module

++++++ table: summ

    length     orbit5       alfa    gammatr 
 94.338600   0.000000   0.000000   0.000000 

        q1        dq1    betxmax      dxmax 
  0.478250   0.000000 855.661512   0.430181 

     dxrms     xcomax     xcorms         q2 
  0.288308   0.271323   0.101549   0.335568 

       dq2    betymax      dymax      dyrms 
  0.000000 117.329988   0.000000   0.000000 

    ycomax     ycorms     deltap    synch_1 
  0.000000   0.000000   0.000000   0.000000 

   synch_2    synch_3    synch_4    synch_5 
  0.000000   0.000000   0.000000   0.000000 
xcentre =   0.273216 ;
x10 =   0.001435 ;
x20 =   0.001893 ;
x30 =  -0.001435 ;
x40 =  -0.001893 ;
pxcentre =   0.008960 ;
px10 =   0.000136 ;
px20 =   0.000095 ;
px30 =  -0.000136 ;
px40 =  -0.000095 ;
command: beta0  module: control
parameter: betx   double value:  46.414468
parameter: alfx   double value:  -3.087020
parameter: mux   double value:   0.478250
parameter: bety   double value: 117.329988
parameter: alfy   double value:  -3.251188
parameter: muy   double value:   0.335568
parameter: x   double value:   0.271323
parameter: px   double value:   0.008865
parameter: y   double value:   0.000000
parameter: py   double value:   0.000000
parameter: t   double value:  -0.000792
parameter: pt   double value:   0.000000
parameter: dx   double value:  -0.229083
parameter: dpx   double value:   0.013588
parameter: dy   double value:   0.000000
parameter: dpy   double value:   0.000000
parameter: wx   double value:   0.000000
parameter: phix   double value:   0.000000
parameter: dmux   double value:   0.000000
parameter: wy   double value:   0.000000
parameter: phiy   double value:   0.000000
parameter: dmuy   double value:   0.000000
parameter: ddx   double value:   0.000000
parameter: ddpx   double value:   0.000000
parameter: ddy   double value:   0.000000
parameter: ddpy   double value:   0.000000
parameter: r11   double value:   0.000000
parameter: r12   double value:   0.000000
parameter: r21   double value:   0.000000
parameter: r22   double value:   0.000000
parameter: energy   double value:  14.031406
